[INFO] 2016-04-17 17:54:24 LDAP input-read start
[INFO] 2016-04-17 17:54:24 Currently processing: unification.tool.module.extent.input.uml.ldap.InputExtentLDAPToUMLModule$LDAPToUMLClass@5d318e91
[INFO] 2016-04-17 17:54:53 LDAP input-read end
[INFO] 2016-04-17 17:54:54 SQL output-write start
[INFO] 2016-04-17 17:54:54 Number of instances of class GlueSite: 365
[INFO] 2016-04-17 17:54:54 Number of instances of class GlueSite: 365
[INFO] 2016-04-17 17:54:56 Number of instances of class GlueSite: 365
[INFO] 2016-04-17 17:54:56 Number of instances of class GlueCE: 0
[INFO] 2016-04-17 17:54:56 Number of instances of class GlueSite: 365
[INFO] 2016-04-17 17:54:56 Number of instances of class GlueService: 0
[INFO] 2016-04-17 17:54:56 Number of instances of class GlueService: 0
[INFO] 2016-04-17 17:54:56 Number of instances of class GlueService: 0
[INFO] 2016-04-17 17:54:56 Number of instances of class GlueSite: 365
[INFO] 2016-04-17 17:54:57 Number of instances of class GlueCluster: 0
[INFO] 2016-04-17 17:54:57 Number of instances of class GlueServiceData: 0
[INFO] 2016-04-17 17:54:57 Number of instances of class GlueService: 0
[INFO] 2016-04-17 17:54:57 Number of instances of class GlueSite: 365
[INFO] 2016-04-17 17:54:57 Number of instances of class GlueSite: 365
[INFO] 2016-04-17 17:54:57 Number of instances of class GlueSite: 365
[INFO] 2016-04-17 17:54:59 Number of instances of class GlueSite: 365
[INFO] 2016-04-17 17:54:59 Number of instances of class GlueSite: 365
[INFO] 2016-04-17 17:55:00 Number of instances of class GlueSite: 365
[INFO] 2016-04-17 17:55:00 Number of instances of class GlueSite: 365
[INFO] 2016-04-17 17:55:00 Number of instances of class GlueSite: 365
[INFO] 2016-04-17 17:55:00 SQL output-write end
